<?xml version="1.0" encoding="UTF-8"?>
<!-- Generated by org.testng.reporters.JUnitReportReporter -->
<testsuite hostname="MAHFUJ-1B5SPLO" failures="0" tests="2" name="june30PraBAMTS.DragandDrop" time="21.555" errors="0" timestamp="2020-07-03T22:48:45 EDT" skipped="0">
  <testcase classname="june30PraBAMTS.DragandDrop" name="AccTest" time="9.525"/>
  <system-out/>
  <testcase classname="june30PraBAMTS.DragandDrop" name="dragAnddrop" time="12.030"/>
  <system-out/>
</testsuite> <!-- june30PraBAMTS.DragandDrop -->
