<?xml version="1.0" encoding="UTF-8"?>
<!-- Generated by org.testng.reporters.JUnitReportReporter -->
<testsuite hostname="MAHFUJ-1B5SPLO" failures="0" tests="1" name="new007.CFSatPra01" time="15.609" errors="0" timestamp="2020-06-27T17:21:41 EDT" skipped="0">
  <testcase classname="new007.CFSatPra01" name="dragAnddrop" time="15.609"/>
  <system-out/>
</testsuite> <!-- new007.CFSatPra01 -->
