<?xml version="1.0" encoding="UTF-8"?>
<!-- Generated by org.testng.reporters.JUnitReportReporter -->
<testsuite hostname="MAHFUJ-1B5SPLO" failures="0" tests="2" name="june30PraBAMTS.DragandDrop" time="22.713" errors="0" timestamp="2020-06-29T22:01:59 EDT" skipped="0">
  <testcase classname="june30PraBAMTS.DragandDrop" name="AccTest" time="9.991"/>
  <system-out/>
  <testcase classname="june30PraBAMTS.DragandDrop" name="dragAnddrop" time="12.722"/>
  <system-out/>
</testsuite> <!-- june30PraBAMTS.DragandDrop -->
